<?xml version="1.0" encoding="UTF-8"?>
<testsuites>
  <testsuite name="App\\Tests" tests="11" assertions="20" errors="0" failures="0" skipped="0" time="0.283306">
    <testsuite name="AppTest\Handler\PingHandlerTest" file="/Users/eminetto/Documents/Projects/clean-architecture-php/test/AppTest/Handler/PingHandlerTest.php" tests="1" assertions="2" errors="0" failures="0" skipped="0" time="0.105938">
      <testcase name="testResponse" class="AppTest\Handler\PingHandlerTest" classname="AppTest.Handler.PingHandlerTest" file="/Users/eminetto/Documents/Projects/clean-architecture-php/test/AppTest/Handler/PingHandlerTest.php" line="14" assertions="2" time="0.105938"/>
    </testsuite>
    <testsuite name="BookmarkTest\Controller\HandlerFactoryTest" file="/Users/eminetto/Documents/Projects/clean-architecture-php/test/BookmarkTest/Controller/HandlerFactoryTest.php" tests="1" assertions="1" errors="0" failures="0" skipped="0" time="0.025414">
      <testcase name="testFactory" class="BookmarkTest\Controller\HandlerFactoryTest" classname="BookmarkTest.Controller.HandlerFactoryTest" file="/Users/eminetto/Documents/Projects/clean-architecture-php/test/BookmarkTest/Controller/HandlerFactoryTest.php" line="16" assertions="1" time="0.025414"/>
    </testsuite>
    <testsuite name="BookmarkTest\Controller\IndexHandlerTest" file="/Users/eminetto/Documents/Projects/clean-architecture-php/test/BookmarkTest/Controller/IndexHandlerTest.php" tests="1" assertions="1" errors="0" failures="0" skipped="0" time="0.062770">
      <testcase name="testReturnsJsonResponse" class="BookmarkTest\Controller\IndexHandlerTest" classname="BookmarkTest.Controller.IndexHandlerTest" file="/Users/eminetto/Documents/Projects/clean-architecture-php/test/BookmarkTest/Controller/IndexHandlerTest.php" line="18" assertions="1" time="0.062770"/>
    </testsuite>
    <testsuite name="BookmarkTest\Controller\PostHandlerTest" file="/Users/eminetto/Documents/Projects/clean-architecture-php/test/BookmarkTest/Controller/PostHandlerTest.php" tests="1" assertions="1" errors="0" failures="0" skipped="0" time="0.063549">
      <testcase name="testReturnsJsonResponse" class="BookmarkTest\Controller\PostHandlerTest" classname="BookmarkTest.Controller.PostHandlerTest" file="/Users/eminetto/Documents/Projects/clean-architecture-php/test/BookmarkTest/Controller/PostHandlerTest.php" line="19" assertions="1" time="0.063549"/>
    </testsuite>
    <testsuite name="BookmarkTest\Driver\SqliteRepositoryFactoryTest" file="/Users/eminetto/Documents/Projects/clean-architecture-php/test/BookmarkTest/Driver/SqliteRepositoryFactoryTest.php" tests="1" assertions="1" errors="0" failures="0" skipped="0" time="0.014196">
      <testcase name="testFactory" class="BookmarkTest\Driver\SqliteRepositoryFactoryTest" classname="BookmarkTest.Driver.SqliteRepositoryFactoryTest" file="/Users/eminetto/Documents/Projects/clean-architecture-php/test/BookmarkTest/Driver/SqliteRepositoryFactoryTest.php" line="15" assertions="1" time="0.014196"/>
    </testsuite>
    <testsuite name="BookmarkTest\Driver\SqliteRepositoryTest" file="/Users/eminetto/Documents/Projects/clean-architecture-php/test/BookmarkTest/Driver/SqliteRepositoryTest.php" tests="3" assertions="6" errors="0" failures="0" skipped="0" time="0.007316">
      <testcase name="testStore" class="BookmarkTest\Driver\SqliteRepositoryTest" classname="BookmarkTest.Driver.SqliteRepositoryTest" file="/Users/eminetto/Documents/Projects/clean-architecture-php/test/BookmarkTest/Driver/SqliteRepositoryTest.php" line="23" assertions="1" time="0.002434"/>
      <testcase name="testSearchAndFindAll" class="BookmarkTest\Driver\SqliteRepositoryTest" classname="BookmarkTest.Driver.SqliteRepositoryTest" file="/Users/eminetto/Documents/Projects/clean-architecture-php/test/BookmarkTest/Driver/SqliteRepositoryTest.php" line="37" assertions="3" time="0.002814"/>
      <testcase name="testDelete" class="BookmarkTest\Driver\SqliteRepositoryTest" classname="BookmarkTest.Driver.SqliteRepositoryTest" file="/Users/eminetto/Documents/Projects/clean-architecture-php/test/BookmarkTest/Driver/SqliteRepositoryTest.php" line="65" assertions="2" time="0.002068"/>
    </testsuite>
    <testsuite name="BookmarkTest\UseCase\ServiceTest" file="/Users/eminetto/Documents/Projects/clean-architecture-php/test/BookmarkTest/UseCase/ServiceTest.php" tests="3" assertions="8" errors="0" failures="0" skipped="0" time="0.004123">
      <testcase name="testStore" class="BookmarkTest\UseCase\ServiceTest" classname="BookmarkTest.UseCase.ServiceTest" file="/Users/eminetto/Documents/Projects/clean-architecture-php/test/BookmarkTest/UseCase/ServiceTest.php" line="23" assertions="1" time="0.001274"/>
      <testcase name="testSearchAndFindAll" class="BookmarkTest\UseCase\ServiceTest" classname="BookmarkTest.UseCase.ServiceTest" file="/Users/eminetto/Documents/Projects/clean-architecture-php/test/BookmarkTest/UseCase/ServiceTest.php" line="36" assertions="5" time="0.001591"/>
      <testcase name="testDelete" class="BookmarkTest\UseCase\ServiceTest" classname="BookmarkTest.UseCase.ServiceTest" file="/Users/eminetto/Documents/Projects/clean-architecture-php/test/BookmarkTest/UseCase/ServiceTest.php" line="64" assertions="2" time="0.001258"/>
    </testsuite>
  </testsuite>
</testsuites>
